<?xml version="1.0" encoding="UTF-8"?>
<!-- Generated by org.testng.reporters.JUnitReportReporter -->
<testsuite hostname="Anamikasaluja" failures="0" tests="3" name="testCases.NegativeLogin" time="21.229" errors="0" timestamp="2020-09-04T09:32:25 IST" skipped="0">
  <testcase classname="testCases.NegativeLogin" name="testCase_NegativeLogin" time="3.886"/>
  <system-out/>
  <testcase classname="testCases.NegativeLogin" name="testCase_NegativeLogin" time="12.789"/>
  <system-out/>
  <testcase classname="testCases.NegativeLogin" name="testCase_NegativeLogin" time="4.554"/>
  <system-out/>
</testsuite> <!-- testCases.NegativeLogin -->
