<?xml version="1.0" encoding="UTF-8"?>
<!-- Generated by org.testng.reporters.JUnitReportReporter -->
<testsuite hostname="Anamikasaluja" failures="0" tests="1" name="testCases.LogoCheck" time="10.842" errors="0" timestamp="2020-09-04T09:32:25 IST" skipped="0">
  <testcase classname="testCases.LogoCheck" name="testCase_CategorySelection" time="10.842"/>
  <system-out/>
</testsuite> <!-- testCases.LogoCheck -->
