<?xml version="1.0" encoding="UTF-8"?>
<!-- Generated by org.testng.reporters.JUnitReportReporter -->
<testsuite hostname="Anamikasaluja" failures="0" tests="1" name="TestCases.Searches" time="0.000" errors="0" timestamp="2020-08-25T18:10:50 IST" skipped="1">
  <testcase classname="TestCases.Searches" name="testCase_Search" time="0.000">
    <skipped/>
  </testcase> <!-- testCase_Search -->
  <system-out/>
</testsuite> <!-- TestCases.Searches -->
